This file contains any messages produced by compilers while
running configure, to aid debugging if configure makes a mistake.

It was created by lsat configure 0.9.8.6, which was
generated by GNU Autoconf 2.69.  Invocation command line was

  $ ./configure 

## --------- ##
## Platform. ##
## --------- ##

hostname = anode
uname -m = x86_64
uname -r = 4.15.0-20-generic
uname -s = Linux
uname -v = #21-Ubuntu SMP Tue Apr 24 06:16:15 UTC 2018

/usr/bin/uname -p = unknown
/bin/uname -X     = unknown

/bin/arch              = unknown
/usr/bin/arch -k       = unknown
/usr/convex/getsysinfo = unknown
/usr/bin/hostinfo      = unknown
/bin/machine           = unknown
/usr/bin/oslevel       = unknown
/bin/universe          = unknown

PATH: /home/number9/bin
PATH: /home/number9/.local/bin
PATH: /home/number9/bin
PATH: /home/number9/bin
PATH: /home/number9/.local/bin
PATH: /usr/local/sbin
PATH: /usr/local/bin
PATH: /usr/sbin
PATH: /usr/bin
PATH: /sbin
PATH: /bin
PATH: /usr/games
PATH: /usr/local/games


## ----------- ##
## Core tests. ##
## ----------- ##

configure:2260: checking for gcc
configure:2276: found /usr/bin/gcc
configure:2287: result: gcc
configure:2516: checking for C compiler version
configure:2525: gcc --version >&5
gcc (Ubuntu 7.3.0-27ubuntu1~18.04) 7.3.0
Copyright (C) 2017 Free Software Foundation, Inc.
This is free software; see the source for copying conditions.  There is NO
warranty; not even for MERCHANTABILITY or FITNESS FOR A PARTICULAR PURPOSE.

configure:2536: $? = 0
configure:2525: gcc -v >&5
Using built-in specs.
COLLECT_GCC=gcc
COLLECT_LTO_WRAPPER=/usr/lib/gcc/x86_64-linux-gnu/7/lto-wrapper
OFFLOAD_TARGET_NAMES=nvptx-none
OFFLOAD_TARGET_DEFAULT=1
Target: x86_64-linux-gnu
Configured with: ../src/configure -v --with-pkgversion='Ubuntu 7.3.0-27ubuntu1~18.04' --with-bugurl=file:///usr/share/doc/gcc-7/README.Bugs --enable-languages=c,ada,c++,go,brig,d,fortran,objc,obj-c++ --prefix=/usr --with-gcc-major-version-only --program-suffix=-7 --program-prefix=x86_64-linux-gnu- --enable-shared --enable-linker-build-id --libexecdir=/usr/lib --without-included-gettext --enable-threads=posix --libdir=/usr/lib --enable-nls --with-sysroot=/ --enable-clocale=gnu --enable-libstdcxx-debug --enable-libstdcxx-time=yes --with-default-libstdcxx-abi=new --enable-gnu-unique-object --disable-vtable-verify --enable-libmpx --enable-plugin --enable-default-pie --with-system-zlib --with-target-system-zlib --enable-objc-gc=auto --enable-multiarch --disable-werror --with-arch-32=i686 --with-abi=m64 --with-multilib-list=m32,m64,mx32 --enable-multilib --with-tune=generic --enable-offload-targets=nvptx-none --without-cuda-driver --enable-checking=release --build=x86_64-linux-gnu --host=x86_64-linux-gnu --target=x86_64-linux-gnu
Thread model: posix
gcc version 7.3.0 (Ubuntu 7.3.0-27ubuntu1~18.04) 
configure:2536: $? = 0
configure:2525: gcc -V >&5
gcc: error: unrecognized command line option '-V'
gcc: fatal error: no input files
compilation terminated.
configure:2536: $? = 1
configure:2525: gcc -qversion >&5
gcc: error: unrecognized command line option '-qversion'; did you mean '--version'?
gcc: fatal error: no input files
compilation terminated.
configure:2536: $? = 1
configure:2556: checking whether the C compiler works
configure:2578: gcc    conftest.c  >&5
configure:2582: $? = 0
configure:2630: result: yes
configure:2633: checking for C compiler default output file name
configure:2635: result: a.out
configure:2641: checking for suffix of executables
configure:2648: gcc -o conftest    conftest.c  >&5
configure:2652: $? = 0
configure:2674: result: 
configure:2696: checking whether we are cross compiling
configure:2704: gcc -o conftest    conftest.c  >&5
configure:2708: $? = 0
configure:2715: ./conftest
configure:2719: $? = 0
configure:2734: result: no
configure:2739: checking for suffix of object files
configure:2761: gcc -c   conftest.c >&5
configure:2765: $? = 0
configure:2786: result: o
configure:2790: checking whether we are using the GNU C compiler
configure:2809: gcc -c   conftest.c >&5
configure:2809: $? = 0
configure:2818: result: yes
configure:2827: checking whether gcc accepts -g
configure:2847: gcc -c -g  conftest.c >&5
configure:2847: $? = 0
configure:2888: result: yes
configure:2905: checking for gcc option to accept ISO C89
configure:2968: gcc  -c -g -O2  conftest.c >&5
configure:2968: $? = 0
configure:2981: result: none needed
configure:3038: checking whether gcc understands -c and -o together
configure:3060: gcc -c conftest.c -o conftest2.o
configure:3063: $? = 0
configure:3060: gcc -c conftest.c -o conftest2.o
configure:3063: $? = 0
configure:3075: result: yes
configure:3096: checking for gawk
configure:3112: found /usr/bin/gawk
configure:3123: result: gawk
configure:3148: checking for a BSD-compatible install
configure:3216: result: /usr/bin/install -c
configure:3232: checking how to run the C preprocessor
configure:3263: gcc -E  conftest.c
configure:3263: $? = 0
configure:3277: gcc -E  conftest.c
conftest.c:9:10: fatal error: ac_nonexistent.h: No such file or directory
 #include <ac_nonexistent.h>
          ^~~~~~~~~~~~~~~~~~
compilation terminated.
configure:3277: $? = 1
configure: failed program was:
| /* confdefs.h */
| #define PACKAGE_NAME "lsat"
| #define PACKAGE_TARNAME "lsat"
| #define PACKAGE_VERSION "0.9.8.6"
| #define PACKAGE_STRING "lsat 0.9.8.6"
| #define PACKAGE_BUGREPORT "number9@dimlight.org"
| #define PACKAGE_URL ""
| /* end confdefs.h.  */
| #include <ac_nonexistent.h>
configure:3302: result: gcc -E
configure:3322: gcc -E  conftest.c
configure:3322: $? = 0
configure:3336: gcc -E  conftest.c
conftest.c:9:10: fatal error: ac_nonexistent.h: No such file or directory
 #include <ac_nonexistent.h>
          ^~~~~~~~~~~~~~~~~~
compilation terminated.
configure:3336: $? = 1
configure: failed program was:
| /* confdefs.h */
| #define PACKAGE_NAME "lsat"
| #define PACKAGE_TARNAME "lsat"
| #define PACKAGE_VERSION "0.9.8.6"
| #define PACKAGE_STRING "lsat 0.9.8.6"
| #define PACKAGE_BUGREPORT "number9@dimlight.org"
| #define PACKAGE_URL ""
| /* end confdefs.h.  */
| #include <ac_nonexistent.h>
configure:3364: checking for a thread-safe mkdir -p
configure:3403: result: /bin/mkdir -p
configure:3412: checking for grep that handles long lines and -e
configure:3470: result: /bin/grep
configure:3475: checking for egrep
configure:3537: result: /bin/grep -E
configure:3542: checking for ANSI C header files
configure:3562: gcc -c -g -O2  conftest.c >&5
configure:3562: $? = 0
configure:3635: gcc -o conftest -g -O2   conftest.c  >&5
configure:3635: $? = 0
configure:3635: ./conftest
configure:3635: $? = 0
configure:3646: result: yes
configure:3659: checking for sys/types.h
configure:3659: gcc -c -g -O2  conftest.c >&5
configure:3659: $? = 0
configure:3659: result: yes
configure:3659: checking for sys/stat.h
configure:3659: gcc -c -g -O2  conftest.c >&5
configure:3659: $? = 0
configure:3659: result: yes
configure:3659: checking for stdlib.h
configure:3659: gcc -c -g -O2  conftest.c >&5
configure:3659: $? = 0
configure:3659: result: yes
configure:3659: checking for string.h
configure:3659: gcc -c -g -O2  conftest.c >&5
configure:3659: $? = 0
configure:3659: result: yes
configure:3659: checking for memory.h
configure:3659: gcc -c -g -O2  conftest.c >&5
configure:3659: $? = 0
configure:3659: result: yes
configure:3659: checking for strings.h
configure:3659: gcc -c -g -O2  conftest.c >&5
configure:3659: $? = 0
configure:3659: result: yes
configure:3659: checking for inttypes.h
configure:3659: gcc -c -g -O2  conftest.c >&5
configure:3659: $? = 0
configure:3659: result: yes
configure:3659: checking for stdint.h
configure:3659: gcc -c -g -O2  conftest.c >&5
configure:3659: $? = 0
configure:3659: result: yes
configure:3659: checking for unistd.h
configure:3659: gcc -c -g -O2  conftest.c >&5
configure:3659: $? = 0
configure:3659: result: yes
configure:3674: checking fcntl.h usability
configure:3674: gcc -c -g -O2  conftest.c >&5
configure:3674: $? = 0
configure:3674: result: yes
configure:3674: checking fcntl.h presence
configure:3674: gcc -E  conftest.c
configure:3674: $? = 0
configure:3674: result: yes
configure:3674: checking for fcntl.h
configure:3674: result: yes
configure:3674: checking for stdlib.h
configure:3674: result: yes
configure:3674: checking for string.h
configure:3674: result: yes
configure:3674: checking for unistd.h
configure:3674: result: yes
configure:3686: checking for mode_t
configure:3686: gcc -c -g -O2  conftest.c >&5
configure:3686: $? = 0
configure:3686: gcc -c -g -O2  conftest.c >&5
conftest.c: In function 'main':
conftest.c:59:21: error: expected expression before ')' token
 if (sizeof ((mode_t)))
                     ^
configure:3686: $? = 1
configure: failed program was:
| /* confdefs.h */
| #define PACKAGE_NAME "lsat"
| #define PACKAGE_TARNAME "lsat"
| #define PACKAGE_VERSION "0.9.8.6"
| #define PACKAGE_STRING "lsat 0.9.8.6"
| #define PACKAGE_BUGREPORT "number9@dimlight.org"
| #define PACKAGE_URL ""
| #define STDC_HEADERS 1
| #define HAVE_SYS_TYPES_H 1
| #define HAVE_SYS_STAT_H 1
| #define HAVE_STDLIB_H 1
| #define HAVE_STRING_H 1
| #define HAVE_MEMORY_H 1
| #define HAVE_STRINGS_H 1
| #define HAVE_INTTYPES_H 1
| #define HAVE_STDINT_H 1
| #define HAVE_UNISTD_H 1
| #define HAVE_FCNTL_H 1
| #define HAVE_STDLIB_H 1
| #define HAVE_STRING_H 1
| #define HAVE_UNISTD_H 1
| /* end confdefs.h.  */
| #include <stdio.h>
| #ifdef HAVE_SYS_TYPES_H
| # include <sys/types.h>
| #endif
| #ifdef HAVE_SYS_STAT_H
| # include <sys/stat.h>
| #endif
| #ifdef STDC_HEADERS
| # include <stdlib.h>
| # include <stddef.h>
| #else
| # ifdef HAVE_STDLIB_H
| #  include <stdlib.h>
| # endif
| #endif
| #ifdef HAVE_STRING_H
| # if !defined STDC_HEADERS && defined HAVE_MEMORY_H
| #  include <memory.h>
| # endif
| # include <string.h>
| #endif
| #ifdef HAVE_STRINGS_H
| # include <strings.h>
| #endif
| #ifdef HAVE_INTTYPES_H
| # include <inttypes.h>
| #endif
| #ifdef HAVE_STDINT_H
| # include <stdint.h>
| #endif
| #ifdef HAVE_UNISTD_H
| # include <unistd.h>
| #endif
| int
| main ()
| {
| if (sizeof ((mode_t)))
| 	    return 0;
|   ;
|   return 0;
| }
configure:3686: result: yes
configure:3697: checking for uid_t in sys/types.h
configure:3716: result: yes
configure:3732: checking for strstr
configure:3732: gcc -o conftest -g -O2   conftest.c  >&5
conftest.c:46:6: warning: conflicting types for built-in function 'strstr' [-Wbuiltin-declaration-mismatch]
 char strstr ();
      ^~~~~~
configure:3732: $? = 0
configure:3732: result: yes
configure:3732: checking for strtol
configure:3732: gcc -o conftest -g -O2   conftest.c  >&5
configure:3732: $? = 0
configure:3732: result: yes
configure:3746: checking whether build environment is sane
configure:3801: result: yes
configure:3949: checking whether make sets $(MAKE)
configure:3971: result: yes
configure:4001: checking for style of include used by make
configure:4029: result: GNU
configure:4063: checking whether make supports nested variables
configure:4080: result: yes
configure:4165: checking dependency style of gcc
configure:4276: result: gcc3
configure:4479: checking that generated files are newer than configure
configure:4485: result: done
configure:4508: creating ./config.status

## ---------------------- ##
## Running config.status. ##
## ---------------------- ##

This file was extended by lsat config.status 0.9.8.6, which was
generated by GNU Autoconf 2.69.  Invocation command line was

  CONFIG_FILES    = 
  CONFIG_HEADERS  = 
  CONFIG_LINKS    = 
  CONFIG_COMMANDS = 
  $ ./config.status 

on anode

config.status:779: creating Makefile
config.status:779: creating src/Makefile
config.status:951: executing depfiles commands

## ---------------- ##
## Cache variables. ##
## ---------------- ##

ac_cv_c_compiler_gnu=yes
ac_cv_env_CC_set=
ac_cv_env_CC_value=
ac_cv_env_CFLAGS_set=
ac_cv_env_CFLAGS_value=
ac_cv_env_CPPFLAGS_set=
ac_cv_env_CPPFLAGS_value=
ac_cv_env_CPP_set=
ac_cv_env_CPP_value=
ac_cv_env_LDFLAGS_set=
ac_cv_env_LDFLAGS_value=
ac_cv_env_LIBS_set=
ac_cv_env_LIBS_value=
ac_cv_env_build_alias_set=
ac_cv_env_build_alias_value=
ac_cv_env_host_alias_set=
ac_cv_env_host_alias_value=
ac_cv_env_target_alias_set=
ac_cv_env_target_alias_value=
ac_cv_func_strstr=yes
ac_cv_func_strtol=yes
ac_cv_header_fcntl_h=yes
ac_cv_header_inttypes_h=yes
ac_cv_header_memory_h=yes
ac_cv_header_stdc=yes
ac_cv_header_stdint_h=yes
ac_cv_header_stdlib_h=yes
ac_cv_header_string_h=yes
ac_cv_header_strings_h=yes
ac_cv_header_sys_stat_h=yes
ac_cv_header_sys_types_h=yes
ac_cv_header_unistd_h=yes
ac_cv_objext=o
ac_cv_path_EGREP='/bin/grep -E'
ac_cv_path_GREP=/bin/grep
ac_cv_path_install='/usr/bin/install -c'
ac_cv_path_mkdir=/bin/mkdir
ac_cv_prog_AWK=gawk
ac_cv_prog_CPP='gcc -E'
ac_cv_prog_ac_ct_CC=gcc
ac_cv_prog_cc_c89=
ac_cv_prog_cc_g=yes
ac_cv_prog_make_make_set=yes
ac_cv_type_mode_t=yes
ac_cv_type_uid_t=yes
am_cv_CC_dependencies_compiler_type=gcc3
am_cv_make_support_nested_variables=yes
am_cv_prog_cc_c_o=yes

## ----------------- ##
## Output variables. ##
## ----------------- ##

ACLOCAL='${SHELL} /home/number9/code/lsat/lsat-0.9.8.6/missing aclocal-1.15'
AMDEPBACKSLASH='\'
AMDEP_FALSE='#'
AMDEP_TRUE=''
AMTAR='$${TAR-tar}'
AM_BACKSLASH='\'
AM_DEFAULT_V='$(AM_DEFAULT_VERBOSITY)'
AM_DEFAULT_VERBOSITY='1'
AM_V='$(V)'
AUTOCONF='${SHELL} /home/number9/code/lsat/lsat-0.9.8.6/missing autoconf'
AUTOHEADER='${SHELL} /home/number9/code/lsat/lsat-0.9.8.6/missing autoheader'
AUTOMAKE='${SHELL} /home/number9/code/lsat/lsat-0.9.8.6/missing automake-1.15'
AWK='gawk'
CC='gcc'
CCDEPMODE='depmode=gcc3'
CFLAGS='-g -O2'
CPP='gcc -E'
CPPFLAGS=''
CYGPATH_W='echo'
DEFS='-DPACKAGE_NAME=\"lsat\" -DPACKAGE_TARNAME=\"lsat\" -DPACKAGE_VERSION=\"0.9.8.6\" -DPACKAGE_STRING=\"lsat\ 0.9.8.6\" -DPACKAGE_BUGREPORT=\"number9@dimlight.org\" -DPACKAGE_URL=\"\" -DSTDC_HEADERS=1 -DHAVE_SYS_TYPES_H=1 -DHAVE_SYS_STAT_H=1 -DHAVE_STDLIB_H=1 -DHAVE_STRING_H=1 -DHAVE_MEMORY_H=1 -DHAVE_STRINGS_H=1 -DHAVE_INTTYPES_H=1 -DHAVE_STDINT_H=1 -DHAVE_UNISTD_H=1 -DHAVE_FCNTL_H=1 -DHAVE_STDLIB_H=1 -DHAVE_STRING_H=1 -DHAVE_UNISTD_H=1 -DHAVE_STRSTR=1 -DHAVE_STRTOL=1 -DPACKAGE=\"lsat\" -DVERSION=\"0.9.8.6\"'
DEPDIR='.deps'
ECHO_C=''
ECHO_N='-n'
ECHO_T=''
EGREP='/bin/grep -E'
EXEEXT=''
GREP='/bin/grep'
INSTALL_DATA='${INSTALL} -m 644'
INSTALL_PROGRAM='${INSTALL}'
INSTALL_SCRIPT='${INSTALL}'
INSTALL_STRIP_PROGRAM='$(install_sh) -c -s'
LDFLAGS=''
LIBOBJS=''
LIBS=''
LTLIBOBJS=''
MAKEINFO='${SHELL} /home/number9/code/lsat/lsat-0.9.8.6/missing makeinfo'
MKDIR_P='/bin/mkdir -p'
OBJEXT='o'
PACKAGE='lsat'
PACKAGE_BUGREPORT='number9@dimlight.org'
PACKAGE_NAME='lsat'
PACKAGE_STRING='lsat 0.9.8.6'
PACKAGE_TARNAME='lsat'
PACKAGE_URL=''
PACKAGE_VERSION='0.9.8.6'
PATH_SEPARATOR=':'
SET_MAKE=''
SHELL='/bin/bash'
STRIP=''
VERSION='0.9.8.6'
ac_ct_CC='gcc'
am__EXEEXT_FALSE=''
am__EXEEXT_TRUE='#'
am__fastdepCC_FALSE='#'
am__fastdepCC_TRUE=''
am__include='include'
am__isrc=''
am__leading_dot='.'
am__nodep='_no'
am__quote=''
am__tar='$${TAR-tar} chof - "$$tardir"'
am__untar='$${TAR-tar} xf -'
bindir='${exec_prefix}/bin'
build_alias=''
datadir='${datarootdir}'
datarootdir='${prefix}/share'
docdir='${datarootdir}/doc/${PACKAGE_TARNAME}'
dvidir='${docdir}'
exec_prefix='${prefix}'
host_alias=''
htmldir='${docdir}'
includedir='${prefix}/include'
infodir='${datarootdir}/info'
install_sh='${SHELL} /home/number9/code/lsat/lsat-0.9.8.6/install-sh'
libdir='${exec_prefix}/lib'
libexecdir='${exec_prefix}/libexec'
localedir='${datarootdir}/locale'
localstatedir='${prefix}/var'
mandir='${datarootdir}/man'
mkdir_p='$(MKDIR_P)'
oldincludedir='/usr/include'
pdfdir='${docdir}'
prefix='/usr/local'
program_transform_name='s,x,x,'
psdir='${docdir}'
runstatedir='${localstatedir}/run'
sbindir='${exec_prefix}/sbin'
sharedstatedir='${prefix}/com'
sysconfdir='${prefix}/etc'
target_alias=''

## ----------- ##
## confdefs.h. ##
## ----------- ##

/* confdefs.h */
#define PACKAGE_NAME "lsat"
#define PACKAGE_TARNAME "lsat"
#define PACKAGE_VERSION "0.9.8.6"
#define PACKAGE_STRING "lsat 0.9.8.6"
#define PACKAGE_BUGREPORT "number9@dimlight.org"
#define PACKAGE_URL ""
#define STDC_HEADERS 1
#define HAVE_SYS_TYPES_H 1
#define HAVE_SYS_STAT_H 1
#define HAVE_STDLIB_H 1
#define HAVE_STRING_H 1
#define HAVE_MEMORY_H 1
#define HAVE_STRINGS_H 1
#define HAVE_INTTYPES_H 1
#define HAVE_STDINT_H 1
#define HAVE_UNISTD_H 1
#define HAVE_FCNTL_H 1
#define HAVE_STDLIB_H 1
#define HAVE_STRING_H 1
#define HAVE_UNISTD_H 1
#define HAVE_STRSTR 1
#define HAVE_STRTOL 1
#define PACKAGE "lsat"
#define VERSION "0.9.8.6"

configure: exit 0
